[debug] [2020-03-18T01:54:31.118Z] ----------------------------------------------------------------------
[debug] [2020-03-18T01:54:31.134Z] Command:       C:\Program Files\nodejs\node.exe C:\Users\Vishnusj92\AppData\Roaming\npm\node_modules\firebase-tools\lib\bin\firebase.js deploy
[debug] [2020-03-18T01:54:31.134Z] CLI Version:   7.14.0
[debug] [2020-03-18T01:54:31.135Z] Platform:      win32
[debug] [2020-03-18T01:54:31.135Z] Node Version:  v12.16.1
[debug] [2020-03-18T01:54:31.138Z] Time:          Tue Mar 17 2020 19:54:31 GMT-0600 (Central Standard Time)
[debug] [2020-03-18T01:54:31.139Z] ----------------------------------------------------------------------
[debug] [2020-03-18T01:54:31.139Z] 
[debug] [2020-03-18T01:54:31.364Z] > command requires scopes: ["email","openid","https://www.googleapis.com/auth/cloudplatformprojects.readonly","https://www.googleapis.com/auth/firebase","https://www.googleapis.com/auth/cloud-platform"]
[debug] [2020-03-18T01:54:31.370Z] > authorizing via signed-in user
[debug] [2020-03-18T01:54:31.371Z] [iam] checking project imageupload-9a880 for permissions ["cloudfunctions.functions.create","cloudfunctions.functions.delete","cloudfunctions.functions.get","cloudfunctions.functions.list","cloudfunctions.functions.update","cloudfunctions.operations.get","datastore.indexes.create","datastore.indexes.delete","datastore.indexes.list","datastore.indexes.update","firebase.projects.get","firebasedatabase.instances.update","firebasehosting.sites.update","firebaserules.releases.create","firebaserules.releases.update","firebaserules.rulesets.create"]
[debug] [2020-03-18T01:54:31.387Z] > refreshing access token with scopes: ["email","https://www.googleapis.com/auth/cloud-platform","https://www.googleapis.com/auth/cloudplatformprojects.readonly","https://www.googleapis.com/auth/firebase","openid"]
[debug] [2020-03-18T01:54:31.388Z] >>> HTTP REQUEST POST https://www.googleapis.com/oauth2/v3/token  
 <request body omitted>
[debug] [2020-03-18T01:54:31.862Z] <<< HTTP RESPONSE 200
[debug] [2020-03-18T01:54:31.945Z] >>> HTTP REQUEST POST https://cloudresourcemanager.googleapis.com/v1/projects/imageupload-9a880:testIamPermissions  

[debug] [2020-03-18T01:54:32.598Z] <<< HTTP RESPONSE 200
[debug] [2020-03-18T01:54:32.604Z] >>> HTTP REQUEST GET https://firebase.googleapis.com/v1beta1/projects/imageupload-9a880  
 
[debug] [2020-03-18T01:54:33.009Z] <<< HTTP RESPONSE 200
[info] 
[info] === Deploying to 'imageupload-9a880'...
[info] 
[info] i  deploying database, storage, firestore, functions, hosting
[info] Running command: npm --prefix "$RESOURCE_DIR" run lint
[debug] [2020-03-18T01:58:40.966Z] ----------------------------------------------------------------------
[debug] [2020-03-18T01:58:40.975Z] Command:       C:\Program Files\nodejs\node.exe C:\Users\Vishnusj92\AppData\Roaming\npm\node_modules\firebase-tools\lib\bin\firebase.js deploy
[debug] [2020-03-18T01:58:40.976Z] CLI Version:   7.14.0
[debug] [2020-03-18T01:58:40.976Z] Platform:      win32
[debug] [2020-03-18T01:58:40.976Z] Node Version:  v12.16.1
[debug] [2020-03-18T01:58:40.978Z] Time:          Tue Mar 17 2020 19:58:40 GMT-0600 (Central Standard Time)
[debug] [2020-03-18T01:58:40.978Z] ----------------------------------------------------------------------
[debug] [2020-03-18T01:58:40.978Z] 
[debug] [2020-03-18T01:58:41.039Z] > command requires scopes: ["email","openid","https://www.googleapis.com/auth/cloudplatformprojects.readonly","https://www.googleapis.com/auth/firebase","https://www.googleapis.com/auth/cloud-platform"]
[debug] [2020-03-18T01:58:41.045Z] > authorizing via signed-in user
[debug] [2020-03-18T01:58:41.045Z] [iam] checking project imageupload-9a880 for permissions ["cloudfunctions.functions.create","cloudfunctions.functions.delete","cloudfunctions.functions.get","cloudfunctions.functions.list","cloudfunctions.functions.update","cloudfunctions.operations.get","datastore.indexes.create","datastore.indexes.delete","datastore.indexes.list","datastore.indexes.update","firebase.projects.get","firebasedatabase.instances.update","firebasehosting.sites.update","firebaserules.releases.create","firebaserules.releases.update","firebaserules.rulesets.create"]
[debug] [2020-03-18T01:58:41.056Z] >>> HTTP REQUEST POST https://cloudresourcemanager.googleapis.com/v1/projects/imageupload-9a880:testIamPermissions  

[debug] [2020-03-18T01:58:41.616Z] <<< HTTP RESPONSE 200
[debug] [2020-03-18T01:58:41.627Z] >>> HTTP REQUEST GET https://firebase.googleapis.com/v1beta1/projects/imageupload-9a880  
 
[debug] [2020-03-18T01:58:41.986Z] <<< HTTP RESPONSE 200
[info] 
[info] === Deploying to 'imageupload-9a880'...
[info] 
[info] i  deploying database, storage, firestore, functions, hosting
[info] Running command: npm --prefix "$RESOURCE_DIR" run lint
